#! /usr/share/iverilog-0.10.0/bin/vvp
:ivl_version "0.10.0 (devel)" "(v0_9_6)";
:ivl_delay_selection "TYPICAL";
:vpi_time_precision + 0;
:vpi_module "system";
:vpi_module "vhdl_sys";
:vpi_module "v2005_math";
:vpi_module "va_math";
:vpi_module "v2009";
S_0xe21f10 .scope module, "decode_3_8_tb" "decode_3_8_tb" 2 1;
 .timescale 0 0;
v0xe4b290_0 .var "E_tb", 0 0;
v0xe4b330_0 .var "In_tb", 2 0;
v0xe4b400_0 .net "Out_tb", 7 0, L_0xe4c0b0;  1 drivers
S_0xe21750 .scope module, "decoder_1" "decoder_3_8" 2 6, 3 9 0, S_0xe21f10;
 .timescale 0 0;
    .port_info 0 /INPUT 1 "E"
    .port_info 1 /INPUT 3 "In"
    .port_info 2 /OUTPUT 8 "Out"
L_0xe4b500 .functor NOT 1, L_0xe4b5d0, C4<0>, C4<0>, C4<0>;
L_0xe4b710 .functor AND 1, v0xe4b290_0, L_0xe4b820, C4<1>, C4<1>;
L_0xe4b910 .functor AND 1, v0xe4b290_0, L_0xe4b500, C4<1>, C4<1>;
v0xe4ab80_0 .net "E", 0 0, v0xe4b290_0;  1 drivers
v0xe4ac40_0 .net "E1", 0 0, L_0xe4b500;  1 drivers
v0xe4ad00_0 .net "G1", 0 0, L_0xe4b710;  1 drivers
v0xe4add0_0 .net "G2", 0 0, L_0xe4b910;  1 drivers
v0xe4aea0_0 .net "In", 2 0, v0xe4b330_0;  1 drivers
v0xe4af90_0 .net "Out", 7 0, L_0xe4c0b0;  alias, 1 drivers
v0xe4b050_0 .net *"_s1", 0 0, L_0xe4b5d0;  1 drivers
v0xe4b130_0 .net *"_s3", 0 0, L_0xe4b820;  1 drivers
L_0xe4b5d0 .part v0xe4b330_0, 2, 1;
L_0xe4b820 .part v0xe4b330_0, 2, 1;
L_0xe4bc00 .part v0xe4b330_0, 0, 2;
L_0xe4bfc0 .part v0xe4b330_0, 0, 2;
L_0xe4c0b0 .concat8 [ 4 4 0 0], L_0xe4be50, L_0xe4bac0;
S_0xe20060 .scope module, "block1" "decoder_2_4" 3 17, 3 1 0, S_0xe21750;
 .timescale 0 0;
    .port_info 0 /INPUT 1 "E"
    .port_info 1 /INPUT 2 "In"
    .port_info 2 /OUTPUT 4 "Out"
v0xe0cc20_0 .net "E", 0 0, L_0xe4b710;  alias, 1 drivers
v0xe49e30_0 .net "In", 1 0, L_0xe4bc00;  1 drivers
v0xe49f10_0 .net "Out", 3 0, L_0xe4bac0;  1 drivers
L_0x7f9b737cc018 .functor BUFT 1, C4<0001>, C4<0>, C4<0>, C4<0>;
v0xe4a000_0 .net/2u *"_s0", 3 0, L_0x7f9b737cc018;  1 drivers
v0xe4a0e0_0 .net *"_s2", 3 0, L_0xe4ba20;  1 drivers
L_0x7f9b737cc060 .functor BUFT 1, C4<0000>, C4<0>, C4<0>, C4<0>;
v0xe4a210_0 .net/2u *"_s4", 3 0, L_0x7f9b737cc060;  1 drivers
L_0xe4ba20 .shift/l 4, L_0x7f9b737cc018, L_0xe4bc00;
L_0xe4bac0 .functor MUXZ 4, L_0x7f9b737cc060, L_0xe4ba20, L_0xe4b710, C4<>;
S_0xe4a370 .scope module, "block2" "decoder_2_4" 3 18, 3 1 0, S_0xe21750;
 .timescale 0 0;
    .port_info 0 /INPUT 1 "E"
    .port_info 1 /INPUT 2 "In"
    .port_info 2 /OUTPUT 4 "Out"
v0xe4a590_0 .net "E", 0 0, L_0xe4b910;  alias, 1 drivers
v0xe4a670_0 .net "In", 1 0, L_0xe4bfc0;  1 drivers
v0xe4a750_0 .net "Out", 3 0, L_0xe4be50;  1 drivers
L_0x7f9b737cc0a8 .functor BUFT 1, C4<0001>, C4<0>, C4<0>, C4<0>;
v0xe4a810_0 .net/2u *"_s0", 3 0, L_0x7f9b737cc0a8;  1 drivers
v0xe4a8f0_0 .net *"_s2", 3 0, L_0xe4bd80;  1 drivers
L_0x7f9b737cc0f0 .functor BUFT 1, C4<0000>, C4<0>, C4<0>, C4<0>;
v0xe4aa20_0 .net/2u *"_s4", 3 0, L_0x7f9b737cc0f0;  1 drivers
L_0xe4bd80 .shift/l 4, L_0x7f9b737cc0a8, L_0xe4bfc0;
L_0xe4be50 .functor MUXZ 4, L_0x7f9b737cc0f0, L_0xe4bd80, L_0xe4b910, C4<>;
    .scope S_0xe21f10;
T_0 ;
    %delay 0, 0;
    %set/v v0xe4b290_0, 0, 1;
    %set/v v0xe4b330_0, 0, 3;
    %delay 10, 0;
    %set/v v0xe4b290_0, 1, 1;
    %set/v v0xe4b330_0, 0, 3;
    %delay 10, 0;
    %set/v v0xe4b290_0, 1, 1;
    %movi 8, 1, 3;
    %set/v v0xe4b330_0, 8, 3;
    %delay 10, 0;
    %set/v v0xe4b290_0, 1, 1;
    %movi 8, 2, 3;
    %set/v v0xe4b330_0, 8, 3;
    %delay 10, 0;
    %set/v v0xe4b290_0, 1, 1;
    %movi 8, 3, 3;
    %set/v v0xe4b330_0, 8, 3;
    %delay 10, 0;
    %set/v v0xe4b290_0, 1, 1;
    %movi 8, 4, 3;
    %set/v v0xe4b330_0, 8, 3;
    %delay 10, 0;
    %set/v v0xe4b290_0, 1, 1;
    %movi 8, 5, 3;
    %set/v v0xe4b330_0, 8, 3;
    %delay 10, 0;
    %set/v v0xe4b290_0, 1, 1;
    %movi 8, 6, 3;
    %set/v v0xe4b330_0, 8, 3;
    %delay 10, 0;
    %set/v v0xe4b290_0, 1, 1;
    %set/v v0xe4b330_0, 1, 3;
    %delay 10, 0;
    %vpi_call/w 2 18 "$finish" {0 0};
    %end;
    .thread T_0;
    .scope S_0xe21f10;
T_1 ;
    %vpi_call/w 2 21 "$dumpfile", "decoder.vcd" {0 0};
    %vpi_call/w 2 22 "$dumpvars", 1'sb0, S_0xe21750 {0 0};
    %end;
    .thread T_1;
# The file index is used to find the file name in the following table.
:file_names 4;
    "N/A";
    "<interactive>";
    "testbench.sv";
    "design.sv";
